2022-10-06 08:51:56.843 [main] DEBUG org.example.App - We've just greeted the user!
2022-10-06 08:51:56.846 [main] INFO  org.example.App - We've just greeted the user!
2022-10-06 08:51:56.846 [main] WARN  org.example.App - We've just greeted the user!
2022-10-06 08:51:56.846 [main] ERROR org.example.App - We've just greeted the user!
2022-10-06 08:51:56.846 [main] FATAL org.example.App - We've just greeted the user!
2022-10-06 09:41:48.432 [main] DEBUG org.example.App - We've just greeted the user!
2022-10-06 09:41:48.434 [main] INFO  org.example.App - We've just greeted the user!
2022-10-06 09:41:48.434 [main] WARN  org.example.App - We've just greeted the user!
2022-10-06 09:41:48.434 [main] ERROR org.example.App - We've just greeted the user!
2022-10-06 09:41:48.434 [main] FATAL org.example.App - We've just greeted the user!
2022-10-06 09:52:58.624 [main] DEBUG org.example.App - We've just greeted the user!
2022-10-06 09:52:58.626 [main] INFO  org.example.App - We've just greeted the user!
2022-10-06 09:52:58.626 [main] WARN  org.example.App - We've just greeted the user!
2022-10-06 09:52:58.626 [main] ERROR org.example.App - We've just greeted the user!
2022-10-06 09:52:58.626 [main] FATAL org.example.App - We've just greeted the user!
2022-10-06 09:53:19.528 [main] DEBUG org.example.App - We've just greeted the user!
2022-10-06 09:53:19.530 [main] INFO  org.example.App - We've just greeted the user!
2022-10-06 09:53:19.530 [main] WARN  org.example.App - We've just greeted the user!
2022-10-06 09:53:19.530 [main] ERROR org.example.App - We've just greeted the user!
2022-10-06 09:53:19.530 [main] FATAL org.example.App - We've just greeted the user!
2022-10-06 07:01:47.539 [main] DEBUG org.example.App - We've just greeted the user!
2022-10-06 07:01:47.542 [main] INFO  org.example.App - We've just greeted the user!
2022-10-06 07:01:47.542 [main] WARN  org.example.App - We've just greeted the user!
2022-10-06 07:01:47.542 [main] ERROR org.example.App - We've just greeted the user!
2022-10-06 07:01:47.542 [main] FATAL org.example.App - We've just greeted the user!
2022-10-06 07:02:40.642 [main] DEBUG org.example.App - We've just greeted the user!
2022-10-06 07:02:40.644 [main] INFO  org.example.App - We've just greeted the user!
2022-10-06 07:02:40.644 [main] WARN  org.example.App - We've just greeted the user!
2022-10-06 07:02:40.645 [main] ERROR org.example.App - We've just greeted the user!
2022-10-06 07:02:40.645 [main] FATAL org.example.App - We've just greeted the user!
2022-10-06 07:02:55.766 [main] DEBUG org.example.App - We've just greeted the user!
2022-10-06 07:02:55.769 [main] INFO  org.example.App - We've just greeted the user!
2022-10-06 07:02:55.769 [main] WARN  org.example.App - We've just greeted the user!
2022-10-06 07:02:55.769 [main] ERROR org.example.App - We've just greeted the user!
2022-10-06 07:02:55.769 [main] FATAL org.example.App - We've just greeted the user!
2022-10-06 07:03:23.322 [main] DEBUG org.example.App - We've just greeted the user!
2022-10-06 07:03:23.326 [main] INFO  org.example.App - We've just greeted the user!
2022-10-06 07:03:23.326 [main] WARN  org.example.App - We've just greeted the user!
2022-10-06 07:03:23.326 [main] ERROR org.example.App - We've just greeted the user!
2022-10-06 07:03:23.326 [main] FATAL org.example.App - We've just greeted the user!
